2026-04-26 06:42:57,641 - twister - INFO - Using Ninja..
2026-04-26 06:42:57,724 - twister - INFO - Zephyr version: v4.2.0
2026-04-26 06:42:57,730 - twister - DEBUG - Running cmake script /home/lpl/zephyr/cmake/verify-toolchain.cmake
2026-04-26 06:42:57,730 - twister - DEBUG - Calling cmake: /usr/bin/cmake -DFORMAT=json -P /home/lpl/zephyr/cmake/verify-toolchain.cmake
2026-04-26 06:42:58,045 - twister - DEBUG - Finished running /home/lpl/zephyr/cmake/verify-toolchain.cmake
2026-04-26 06:42:58,045 - twister - INFO - Using 'zephyr' toolchain.
2026-04-26 06:42:59,782 - twister - DEBUG - Reading testsuite configuration files under /workspaces/arty/scripts/tests...
2026-04-26 06:42:59,783 - twister - ERROR - Twister call stack dump:
  File "/home/lpl/.venv/bin/west", line 10, in <module>
    sys.exit(main())
  File "/home/lpl/.venv/lib/python3.12/site-packages/west/app/main.py", line 1199, in main
    app.run(argv or sys.argv[1:])
  File "/home/lpl/.venv/lib/python3.12/site-packages/west/app/main.py", line 278, in run
    self.run_command(argv, early_args)
  File "/home/lpl/.venv/lib/python3.12/site-packages/west/app/main.py", line 584, in run_command
    self.run_extension(args.command, argv)
  File "/home/lpl/.venv/lib/python3.12/site-packages/west/app/main.py", line 739, in run_extension
    self.cmd.run(args, unknown, self.topdir, manifest=self.manifest,
  File "/home/lpl/.venv/lib/python3.12/site-packages/west/commands.py", line 200, in run
    self.do_run(args, unknown)
  File "/home/lpl/zephyr/scripts/west_commands/twister_cmd.py", line 61, in do_run
    ret = main(options, default_options)
  File "/home/lpl/zephyr/scripts/pylib/twister/twisterlib/twister_main.py", line 235, in main
    return_code = twister(options, default_options)
  File "/home/lpl/zephyr/scripts/pylib/twister/twisterlib/twister_main.py", line 93, in twister
    tplan.discover()
  File "/home/lpl/zephyr/scripts/pylib/twister/twisterlib/testplan.py", line 214, in discover
    raise TwisterRuntimeError("No testsuites found at the specified location...")

